[2024-03-21] GitHub Authentication Configuration Changes

1. Issue: GitHub authentication failing with 500 error (Configuration error)
   - Error message: GET /api/auth/callback/github?code=xxx 302
   - Followed by: GET /api/auth/error?error=Configuration 500

2. Required Changes:
   - Need to add GITHUB_ID and GITHUB_SECRET to environment variables
   - Need to update NextAuth configuration with proper GitHub provider settings
   - Need to specify callback URL in GitHub OAuth App settings

3. Steps to Fix:
   a. Create/Update .env.local file with:
      GITHUB_ID=your_github_oauth_app_client_id
      GITHUB_SECRET=your_github_oauth_app_client_secret
      NEXTAUTH_SECRET=your_nextauth_secret
      NEXTAUTH_URL=http://localhost:3000

   b. Update src/auth.ts configuration to properly initialize GitHub provider

4. GitHub OAuth App Setup:
   - Go to GitHub Developer Settings
   - Set Homepage URL: http://localhost:3000
   - Set Authorization callback URL: http://localhost:3000/api/auth/callback/github

[2024-03-21] Update: New Errors Found and Fixed

1. New Issues:
   a. Incorrect Client Credentials Error:
      - Error: "incorrect_client_credentials"
      - Description: The client_id and/or client_secret passed are incorrect
      - Solution: Double check GitHub OAuth App credentials in .env.local file

   b. Missing Error Page:
      - Error: GET /error?error=Configuration 404
      - Solution: Need to create error handling page

2. Additional Required Changes:
   a. Create error handling page at app/error/page.tsx
   b. Update auth configuration to use correct error page path
   c. Verify GitHub OAuth credentials are correctly copied from GitHub OAuth App settings

3. Steps to Fix:
   a. Create error page for proper error handling
   b. Update NextAuth configuration to remove custom error page path if not needed
   c. Verify environment variables are properly set in .env.local file

[2024-03-21] Feature Update: Added Google Login and Enhanced Playground UI

1. New Features Added:
   a. Google OAuth Integration:
      - Added Google provider to NextAuth configuration
      - Updated environment variables for Google OAuth
      - Set up Google OAuth consent screen and credentials

   b. Enhanced Playground Page UI:
      - Created new playground page layout
      - Added styled login buttons for both providers
      - Implemented responsive design
      - Added user profile display when logged in

2. Required Changes:
   a. Environment Variables (.env.local):
      - Added GOOGLE_CLIENT_ID
      - Added GOOGLE_CLIENT_SECRET

   b. File Changes:
      - Updated src/auth.ts to include Google provider
      - Created new src/app/playground/page.tsx
      - Added new components for auth buttons and user profile

3. Google OAuth Setup Steps:
   - Go to Google Cloud Console
   - Create new project or use existing
   - Enable OAuth consent screen
   - Create OAuth 2.0 Client ID
   - Set authorized redirect URI: http://localhost:3000/api/auth/callback/google

4. Modified Files:
   - src/auth.ts: Added Google provider
   - src/app/playground/page.tsx: New UI implementation
   - .env.example: Updated with Google credentials

[2024-03-21] Project Review and Final Updates

1. Additional Changes Made:
   a. Enhanced Home Page (src/app/page.tsx):
      - Added modern, responsive design
      - Implemented both GitHub and Google login buttons
      - Added loading state and automatic redirect
      - Improved user experience with visual feedback

   b. Updated Auth Actions (src/lib/actions/auth.ts):
      - Added support for multiple providers
      - Improved type safety with provider parameter
      - Maintained consistent redirect behavior

2. Project Health Check:
   a. Authentication Flow:
      ✓ GitHub OAuth properly configured
      ✓ Google OAuth properly configured
      ✓ Error handling implemented
      ✓ Redirect paths working correctly
      ✓ Session management working

   b. UI/UX:
      ✓ Responsive design on all pages
      ✓ Consistent styling across components
      ✓ Loading states implemented
      ✓ Error states handled
      ✓ Smooth transitions

   c. Code Quality:
      ✓ TypeScript types properly defined
      ✓ Components properly structured
      ✓ Environment variables documented
      ✓ Consistent code style
      ✓ No unused imports or dead code

3. Remaining Tasks:
   - Test Google OAuth in production environment
   - Add error logging for OAuth failures
   - Consider adding rate limiting for auth attempts
   - Add user session analytics (optional)
   - Consider implementing remember me functionality

[2024-03-21] Runtime Error Fix: SessionProvider Missing

1. Issue:
   Error: [next-auth]: `useSession` must be wrapped in a <SessionProvider />
   Location: src/app/playground/page.tsx:10
   Impact: Application failing to load with 500 error

2. Root Cause:
   - Missing SessionProvider wrapper in the application root
   - Client components using useSession hook without proper context

3. Solution:
   a. Updated src/app/layout.tsx:
      - Added SessionProvider component
      - Wrapped entire application with SessionProvider
      - Configured with server-side session data
      - Imported necessary dependencies:
        * SessionProvider from next-auth/react
        * auth from @/auth

4. Changes Made:
   - Modified RootLayout to be async function
   - Added server-side session fetching
   - Wrapped application content with SessionProvider
   - Maintained existing styling and layout structure

5. Verification:
   ✓ Application loads without 500 error
   ✓ Session state properly maintained
   ✓ Authentication flow working as expected
   ✓ Client components can access session data 

[2024-03-21] Image Configuration Error Fix

1. Issue:
   Error: Invalid src prop on `next/image`, hostname "avatars.githubusercontent.com" is not configured
   Location: src/app/playground/page.tsx
   Impact: Profile images not loading in the application

2. Root Cause:
   - Next.js requires explicit configuration for external image domains
   - Missing configuration for GitHub avatar domain in next.config.js
   - Security feature to prevent arbitrary external image loading

3. Solution Options:
   a. Recommended: Configure next.config.js
      - Add remotePatterns configuration for:
        * avatars.githubusercontent.com (GitHub avatars)
        * lh3.googleusercontent.com (Google avatars)
      - Use specific protocols and pathnames for better security
      - Maintain Next.js image optimization benefits

   b. Alternative (Not Recommended):
      - Use unoptimized Image component
      - Loses Next.js image optimization features
      - Not recommended for production use

4. Implementation Steps:
   a. Create/Update next.config.js:
      - Add images.remotePatterns configuration
      - Configure allowed domains with specific patterns
      - Include both GitHub and Google avatar domains
      - Use https protocol for security

5. Benefits:
   - Secure image loading from trusted sources
   - Maintained image optimization
   - Better performance and caching
   - Proper error handling for invalid sources

6. Security Considerations:
   - Only allow necessary domains
   - Use specific pathname patterns
   - Enforce HTTPS protocol
   - Regular review of allowed domains 

[2024-03-21] Google OAuth Configuration Error

1. Issue:
   Error: TypeError: fetch failed
   Location: Google OAuth authentication flow
   Impact: Unable to complete Google sign-in process
   Error Path: 
   - POST /api/auth/signin/google? 200
   - GET /api/auth/error?error=Configuration 500

2. Root Cause Analysis:
   - Fetch failure during OAuth authorization URL generation
   - Configuration error in Google OAuth setup
   - Possible missing or incorrect environment variables
   - Potential OAuth consent screen or API activation issues

3. Required Configurations:
   a. Environment Variables:
      GOOGLE_CLIENT_ID=<valid_client_id>
      GOOGLE_CLIENT_SECRET=<valid_client_secret>
      NEXTAUTH_URL=http://localhost:3000
      NEXTAUTH_SECRET=<your_secret>

   b. Google Cloud Console Setup:
      - OAuth 2.0 client credentials properly configured
      - OAuth consent screen setup with correct scopes:
        * userinfo.email
        * userinfo.profile
      - Authorized redirect URIs:
        * http://localhost:3000/api/auth/callback/google
      - Required APIs enabled:
        * Google+ API or Google People API

4. Solution Steps:
   a. Verify Google Cloud Console Configuration:
      - Check OAuth 2.0 client credentials
      - Verify consent screen configuration
      - Confirm API activation status
      - Validate redirect URIs

   b. Environment Variables:
      - Verify all required variables are set
      - Check for correct value copying
      - Ensure no extra whitespace
      - Confirm NEXTAUTH_URL is correct

   c. NextAuth Configuration:
      - Add proper Google provider setup
      - Include necessary authorization parameters
      - Configure correct callback handling

5. Prevention Measures:
   - Implement configuration validation
   - Add detailed error logging
   - Document setup requirements
   - Create setup verification checklist

6. Testing Steps:
   - Clear browser cache and cookies
   - Test in incognito mode
   - Verify network connectivity
   - Check server logs for detailed errors 

[2024-03-21] Auth Actions Implementation Fix

1. Issue:
   Location: src/lib/actions/auth.ts
   Component: login function
   Current Implementation:
   ```typescript
   export const login = async (provider: "github" | "google" = "github") => {
     await signIn(provider, { redirectTo: "/playground" });
   };
   ```
   Impact: Google OAuth authentication failing with fetch error

2. Problems Identified:
   a. Function Implementation:
      - Default provider set to "github" may cause issues
      - Strict type limitation might cause type mismatches
      - Missing error handling and validation
      - Redirect configuration might need adjustment
      - No proper error feedback to user

   b. Provider Handling:
      - Provider string literal type might be too restrictive
      - Missing provider validation
      - No fallback mechanism if provider fails

3. Proposed Solution:
   a. Updated Implementation:
   ```typescript
   export const login = async (provider?: string) => {
     try {
       await signIn(provider, {
         callbackUrl: "/playground",
         redirect: true,
       });
     } catch (error) {
       console.error("Authentication error:", error);
       // Handle error appropriately
     }
   };
   ```

   b. Key Changes:
      - Remove default provider value
      - Make provider parameter optional
      - Use callbackUrl instead of redirectTo
      - Add explicit redirect flag
      - Implement error handling
      - Add type safety checks

4. Additional Improvements:
   a. Error Handling:
      - Add proper error logging
      - Implement user feedback mechanism
      - Handle network errors gracefully

   b. Type Safety:
      - Use proper TypeScript types from next-auth
      - Add runtime validation
      - Implement proper error types

5. Implementation Steps:
   1. Update auth.ts with proper provider configuration
   2. Modify login function implementation
   3. Add error handling and logging
   4. Update calling components to handle errors
   5. Test with both providers

6. Testing Scenarios:
   - Test with explicit provider selection
   - Test with missing provider
   - Test error scenarios
   - Verify redirect behavior
   - Check error handling

7. Related Changes:
   - Update components using login function
   - Add error boundary if needed
   - Implement loading states
   - Add user feedback for errors 

[2024-03-21] NextAuth Configuration Enhancement

1. File Updated: src/auth.ts
   Changes Made:
   a. Google Provider Configuration:
      ```typescript
      Google({
        clientId: process.env.GOOGLE_CLIENT_ID,
        clientSecret: process.env.GOOGLE_CLIENT_SECRET,
        authorization: {
          params: {
            prompt: "select_account",  // Changed from "consent" to allow account selection
            access_type: "offline",    // Enable refresh token
            response_type: "code",     // Use authorization code flow
          },
        },
      })
      ```

   b. Enhanced Token Handling:
      - Added provider information to JWT token
      - Improved session user data
      - Added proper type handling

   c. Added Debug Mode:
      - Enabled detailed logging in development
      - Helps troubleshoot authentication issues

2. Key Improvements:
   a. Authorization Flow:
      - Better account selection UX
      - Proper offline access support
      - Enhanced token management

   b. Session Management:
      - Added provider tracking
      - Improved type safety
      - Better session persistence

   c. Development Support:
      - Added debug mode
      - Better error visibility
      - Improved troubleshooting

3. Type System Updates:
   - Need to extend default types for provider
   - Added proper type assertions
   - Improved type safety in callbacks

4. Next Steps:
   a. Environment Setup:
      ```
      GOOGLE_CLIENT_ID=<your_client_id>
      GOOGLE_CLIENT_SECRET=<your_client_secret>
      NEXTAUTH_URL=http://localhost:3000
      NEXTAUTH_SECRET=<your_secret>
      ```

   b. Google Cloud Console:
      - Update consent screen settings
      - Verify redirect URIs
      - Check API permissions

5. Testing Requirements:
   - Test account selection flow
   - Verify token persistence
   - Check provider information
   - Validate session data

6. Security Considerations:
   - Using authorization code flow
   - Implementing offline access
   - Proper token management
   - Session security 

[2024-03-21] 添加自动登录测试路由

1. 新增功能说明：
   - 目的：实现自动登录功能，用于测试和开发
   - 路由：/test
   - 默认用户：admin
   - 自动跳转：登录成功后自动进入 playground 页面

2. 文件更改：
   a. 新增 src/app/test/page.tsx：
      - 实现自动登录页面
      - 添加加载动画
      - 错误处理机制
      - 自动重定向逻辑

   b. 更新 src/auth.ts：
      - 添加 Credentials provider
      - 配置测试用户信息
      - 实现认证逻辑
      - 添加会话管理

3. 主要功能实现：
   a. 自动登录流程：
      - 页面加载时自动触发登录
      - 使用预设的测试账号信息
      - 禁用默认重定向
      - 自定义成功后跳转

   b. 测试用户配置：
      - 用户名：admin
      - 密码：test
      - 头像：使用 Gravatar 默认头像
      - 邮箱：admin@test.com

4. 安全考虑：
   - 仅用于测试环境
   - 使用环境变量控制访问
   - 密码硬编码（仅测试用）
   - 会话安全保护

5. 用户体验优化：
   - 添加加载动画
   - 友好的错误提示
   - 平滑的跳转效果
   - 状态反馈机制

6. 代码结构：
   a. 测试路由组件：
      ```typescript
      // 自动登录逻辑
      const autoLogin = async () => {
        try {
          const result = await signIn("credentials", {
            username: "admin",
            password: "test",
            redirect: false,
          });
          // 处理登录结果
        } catch (error) {
          // 错误处理
        }
      };
      ```

   b. 认证提供者配置：
      ```typescript
      Credentials({
        name: "Test Credentials",
        credentials: {
          username: { label: "Username", type: "text" },
          password: { label: "Password", type: "password" },
        },
        async authorize(credentials) {
          // 验证逻辑
        },
      })
      ```

7. 测试要点：
   - 自动登录功能
   - 会话持久化
   - 重定向逻辑
   - 错误处理
   - 页面加载状态

8. 注意事项：
   - 仅用于开发环境
   - 不要在生产环境使用
   - 定期更新测试凭据
   - 监控异常登录

9. 后续优化建议：
   - 添加环境变量控制
   - 实现登录次数限制
   - 添加日志记录
   - 支持多测试账号
   - 完善错误处理 

[2024-03-21] 导航组件优化更新

1. 头像处理优化：
   a. 添加默认头像机制：
      - 使用 SVG 数据 URI 作为默认头像
      - 创建灰色圆形作为基础样式
      - 设置统一的头像尺寸配置

   b. 错误处理增强：
      - 添加图片加载失败回退机制
      - 使用 onError 事件处理器
      - 自动切换到默认头像

2. 用户信息显示改进：
   a. 用户名显示：
      - 添加用户名缺失时的默认值
      - 显示"未命名用户"作为后备选项
      - 优化文本样式和间距

   b. 会话状态处理：
      - 使用 status 进行更精确的状态检查
      - 优化认证状态的条件渲染
      - 添加加载状态处理

3. 界面样式更新：
   a. 导航栏布局：
      - 添加白色背景和阴影效果
      - 优化响应式布局
      - 改进间距和对齐方式

   b. 交互元素样式：
      - 统一按钮样式
      - 添加悬停效果
      - 优化过渡动画

4. 代码结构优化：
   a. 组件组织：
      - 分离配置和逻辑
      - 添加清晰的注释
      - 优化条件渲染结构

   b. 类型安全：
      - 添加事件处理器类型
      - 确保图片属性类型正确
      - 优化会话数据类型处理

5. 安全性改进：
   - 使用本地数据 URI 避免外部依赖
   - 添加图片加载失败保护
   - 确保用户数据安全显示

6. 性能优化：
   - 使用内联 SVG 减少请求
   - 优化图片加载策略
   - 减少不必要的重渲染

7. 用户体验提升：
   - 添加平滑过渡效果
   - 优化加载状态显示
   - 改进错误处理反馈

8. 后续建议：
   - 考虑添加头像上传功能
   - 实现用户资料编辑
   - 添加更多自定义主题选项
   - 优化移动端适配 